app/(tabs)/camera.tsx(132,11): error TS2353: Object literal may only specify known properties, and 'mute' does not exist in type 'CameraRecordingOptions'.
app/(tabs)/dashboard.tsx(162,30): error TS2769: No overload matches this call.
  Overload 1 of 4, '(value: string | number | Date): Date', gave the following error.
    Argument of type 'string | undefined' is not assignable to parameter of type 'string | number | Date'.
      Type 'undefined' is not assignable to type 'string | number | Date'.
  Overload 2 of 4, '(value: string | number): Date', gave the following error.
    Argument of type 'string | undefined' is not assignable to parameter of type 'string | number'.
      Type 'undefined' is not assignable to type 'string | number'.
app/(tabs)/dashboard.tsx(457,5): error TS2783: 'backgroundColor' is specified more than once, so this usage will be overwritten.
app/(tabs)/technician-profile.tsx(45,21): error TS2322: Type 'string' is not assignable to type 'SFSymbols6_0'.
app/(tabs)/technician-profile.tsx(149,5): error TS2783: 'backgroundColor' is specified more than once, so this usage will be overwritten.
app/jobcards/[ticketId].tsx(488,95): error TS2345: Argument of type 'number | null | undefined' is not assignable to parameter of type 'number'.
  Type 'undefined' is not assignable to type 'number'.
app/jobcards/[ticketId].tsx(490,76): error TS2345: Argument of type 'number | null | undefined' is not assignable to parameter of type 'number'.
  Type 'undefined' is not assignable to type 'number'.
app/technician-details/[technicianId].tsx(315,80): error TS2345: Argument of type 'string[]' is not assignable to parameter of type 'string'.
components/customers/CustomerInputField.tsx(48,17): error TS18047: 'linkedCustomer' is possibly 'null'.
components/customers/CustomerPickerModal.tsx(121,43): error TS2345: Argument of type 'CustomerSearchItem' is not assignable to parameter of type 'Customer'.
  Type 'CustomerSearchItem' is missing the following properties from type 'Customer': created_at, updated_at
components/financial/CashManagement.tsx(689,39): error TS2339: Property 'md' does not exist on type '{ xs: number; sm: number; base: number; lg: number; xl: number; xl2: number; '2xl': number; '3xl': number; '4xl': number; '5xl': number; }'.
components/invoices/InvoiceCard.tsx(71,19): error TS2322: Type 'string' is not assignable to type 'SFSymbols6_0'.
components/invoices/InvoiceCard.tsx(112,44): error TS2339: Property 'total' does not exist on type 'InvoiceTotals'.
components/invoices/InvoiceCard.tsx(112,51): error TS2554: Expected 1 arguments, but got 2.
components/invoices/InvoiceCard.tsx(154,54): error TS2554: Expected 1 arguments, but got 2.
components/media-hub/JobCardSelector.tsx(39,15): error TS2339: Property 'customer' does not exist on type 'ServiceTicket'.
components/media-hub/LibrarySection.tsx(471,71): error TS2339: Property 'toLowerCase' does not exist on type 'string[]'.
components/media-hub/MediaItem.tsx(285,39): error TS2339: Property 'mono' does not exist on type '{ regular: string; medium: string; semibold: string; bold: string; }'.
components/media-hub/MediaItem.tsx(349,39): error TS2339: Property 'mono' does not exist on type '{ regular: string; medium: string; semibold: string; bold: string; }'.
components/media-hub/TicketAssignmentDialog.tsx(69,18): error TS2345: Argument of type 'ServiceTicket[]' is not assignable to parameter of type 'SetStateAction<ServiceTicket[]>'.
  Type 'import("E:/All Softwares/EvWheelsApp/types/index").ServiceTicket[]' is not assignable to type 'import("E:/All Softwares/EvWheelsApp/stores/mediaHubStore").ServiceTicket[]'.
    Type 'import("E:/All Softwares/EvWheelsApp/types/index").ServiceTicket' is not assignable to type 'import("E:/All Softwares/EvWheelsApp/stores/mediaHubStore").ServiceTicket'.
      Types of property 'customer_complaint' are incompatible.
        Type 'string[]' is not assignable to type 'string'.
components/NavbarLogo.tsx(20,9): error TS2322: Type 'ViewStyle | undefined' is not assignable to type 'Falsy | ImageStyle | RegisteredStyle<ImageStyle> | RecursiveArray<Falsy | ImageStyle | RegisteredStyle<ImageStyle>> | readonly (Falsy | ... 1 more ... | RegisteredStyle<...>)[]'.
  Type 'ViewStyle' is not assignable to type 'Falsy | ImageStyle | RegisteredStyle<ImageStyle> | RecursiveArray<Falsy | ImageStyle | RegisteredStyle<ImageStyle>> | readonly (Falsy | ... 1 more ... | RegisteredStyle<...>)[]'.
    Type 'ViewStyle' is not assignable to type 'ImageStyle'.
      Types of property 'overflow' are incompatible.
        Type '"visible" | "hidden" | "scroll" | undefined' is not assignable to type '"visible" | "hidden" | undefined'.
          Type '"scroll"' is not assignable to type '"visible" | "hidden" | undefined'.
components/progress/HorizontalServiceProgress.tsx(68,11): error TS2322: Type 'string' is not assignable to type 'SFSymbols6_0'.
components/progress/HorizontalServiceProgress.tsx(82,7): error TS2740: Type '{ color: string; fontFamily: string; }[]' is missing the following properties from type '{ fontSize: number; fontFamily: string; color: string; textAlign: "center"; marginTop: number; textTransform: "capitalize"; }': fontSize, fontFamily, color, textAlign, and 2 more.
components/progress/HorizontalServiceProgress.tsx(84,7): error TS2740: Type '{ color: string; fontFamily: string; }[]' is missing the following properties from type '{ fontSize: number; fontFamily: string; color: string; textAlign: "center"; marginTop: number; textTransform: "capitalize"; }': fontSize, fontFamily, color, textAlign, and 2 more.
components/progress/HorizontalServiceProgress.tsx(117,13): error TS2322: Type 'string' is not assignable to type 'SFSymbols6_0'.
components/SplashLogo.tsx(20,9): error TS2322: Type 'ViewStyle | undefined' is not assignable to type 'Falsy | ImageStyle | RegisteredStyle<ImageStyle> | RecursiveArray<Falsy | ImageStyle | RegisteredStyle<ImageStyle>> | readonly (Falsy | ... 1 more ... | RegisteredStyle<...>)[]'.
  Type 'ViewStyle' is not assignable to type 'Falsy | ImageStyle | RegisteredStyle<ImageStyle> | RecursiveArray<Falsy | ImageStyle | RegisteredStyle<ImageStyle>> | readonly (Falsy | ... 1 more ... | RegisteredStyle<...>)[]'.
    Type 'ViewStyle' is not assignable to type 'ImageStyle'.
      Types of property 'overflow' are incompatible.
        Type '"visible" | "hidden" | "scroll" | undefined' is not assignable to type '"visible" | "hidden" | undefined'.
          Type '"scroll"' is not assignable to type '"visible" | "hidden" | undefined'.
components/status/StatusUpdatesTimeline.tsx(273,32): error TS2339: Property 'xs' does not exist on type '{ none: number; sm: number; base: number; md: number; lg: number; xl: number; '2xl': number; full: number; }'.
components/triage/TriageManagement.tsx(136,21): error TS2322: Type 'string' is not assignable to type 'SFSymbols6_0'.
